#
# There is insufficient memory for the Java Runtime Environment to continue.
# Native memory allocation (malloc) failed to allocate 1589456 bytes for Chunk::new
# Possible reasons:
#   The system is out of physical RAM or swap space
#   The process is running with CompressedOops enabled, and the Java Heap may be blocking the growth of the native heap
# Possible solutions:
#   Reduce memory load on the system
#   Increase physical memory or swap space
#   Check if swap backing store is full
#   Decrease Java heap size (-Xmx/-Xms)
#   Decrease number of Java threads
#   Decrease Java thread stack sizes (-Xss)
#   Set larger code cache with -XX:ReservedCodeCacheSize=
#   JVM is running with Unscaled Compressed Oops mode in which the Java heap is
#     placed in the first 4GB address space. The Java Heap base address is the
#     maximum limit for the native heap growth. Please use -XX:HeapBaseMinAddress
#     to set the Java Heap base and to place the Java Heap above 4GB virtual address.
# This output file may be truncated or incomplete.
#
#  Out of Memory Error (allocation.cpp:389), pid=9972, tid=0x0000000000001fb4
#
# JRE version: Java(TM) SE Runtime Environment (8.0_251-b08) (build 1.8.0_251-b08)
# Java VM: Java HotSpot(TM) 64-Bit Server VM (25.251-b08 mixed mode windows-amd64 compressed oops)
# Failed to write core dump. Minidumps are not enabled by default on client versions of Windows
#

---------------  T H R E A D  ---------------

Current thread (0x00000000182fc800):  JavaThread "C2 CompilerThread0" daemon [_thread_in_native, id=8116, stack(0x00000000188b0000,0x00000000189b0000)]

Stack: [0x00000000188b0000,0x00000000189b0000]
[error occurred during error reporting (printing stack bounds), id 0xc0000005]

Native frames: (J=compiled Java code, j=interpreted, Vv=VM code, C=native code)


Current CompileTask:
C2:2576853 20920   !   4       java.beans.Introspector::getPublicDeclaredMethods (140 bytes)


---------------  P R O C E S S  ---------------

Java Threads: ( => current thread )
  0x000000001d66c000 JavaThread "Build operations Thread 6" [_thread_blocked, id=9552, stack(0x0000000029240000,0x0000000029340000)]
  0x000000001d66a800 JavaThread "Cache worker for Build Output Cleanup Cache (E:\spring-framework\.gradle\buildOutputCleanup)" [_thread_blocked, id=14036, stack(0x0000000029140000,0x0000000029240000)]
  0x000000001d66f000 JavaThread "Build operations Thread 5" [_thread_blocked, id=15452, stack(0x0000000029040000,0x0000000029140000)]
  0x000000001d673000 JavaThread "Build operations Thread 4" [_thread_blocked, id=812, stack(0x0000000028f40000,0x0000000029040000)]
  0x000000001d666000 JavaThread "Build operations Thread 3" [_thread_blocked, id=19504, stack(0x0000000028e40000,0x0000000028f40000)]
  0x000000001d668800 JavaThread "Build operations Thread 2" [_thread_blocked, id=12260, stack(0x0000000028d40000,0x0000000028e40000)]
  0x000000001d667000 JavaThread "Build operations" [_thread_blocked, id=18840, stack(0x0000000028c40000,0x0000000028d40000)]
  0x000000001abbd000 JavaThread "Cache worker for cache directory md-rule (C:\Users\caokeyu.IBOXPAY\software\gradle-4.9\caches\5.6.4\md-rule)" [_thread_blocked, id=11268, stack(0x0000000028340000,0x0000000028440000)]
  0x000000001abbc000 JavaThread "Cache worker for cache directory md-supplier (C:\Users\caokeyu.IBOXPAY\software\gradle-4.9\caches\5.6.4\md-supplier)" [_thread_blocked, id=7360, stack(0x0000000028240000,0x0000000028340000)]
  0x000000001abb9000 JavaThread "Cache worker for file hash cache (E:\spring-framework\.gradle\5.6.4\fileHashes)" [_thread_blocked, id=20000, stack(0x0000000028140000,0x0000000028240000)]
  0x000000001abbe800 JavaThread "Thread-55" [_thread_blocked, id=14292, stack(0x0000000028040000,0x0000000028140000)]
  0x000000001abbb800 JavaThread "Stdin handler" [_thread_blocked, id=17484, stack(0x0000000027f40000,0x0000000028040000)]
  0x000000001abb1800 JavaThread "Asynchronous log dispatcher for DefaultDaemonConnection: socket connection from /127.0.0.1:55422 to /127.0.0.1:58212" [_thread_blocked, id=16492, stack(0x0000000027e40000,0x0000000027f40000)]
  0x000000001abb7800 JavaThread "Daemon worker Thread 2" [_thread_in_native, id=6156, stack(0x0000000027d40000,0x0000000027e40000)]
  0x000000001abb2800 JavaThread "Cancel handler" [_thread_blocked, id=8776, stack(0x0000000027c40000,0x0000000027d40000)]
  0x000000001abb7000 JavaThread "Handler for socket connection from /127.0.0.1:55422 to /127.0.0.1:58212" [_thread_in_native, id=13200, stack(0x0000000027b40000,0x0000000027c40000)]
  0x000000001abb5800 JavaThread "Daemon Thread 2" [_thread_blocked, id=16576, stack(0x0000000027a40000,0x0000000027b40000)]
  0x000000001abb8800 JavaThread "Cache worker for file content cache (C:\Users\caokeyu.IBOXPAY\software\gradle-4.9\caches\5.6.4\fileContent)" [_thread_blocked, id=13176, stack(0x0000000022c00000,0x0000000022d00000)]
  0x000000001abb1000 JavaThread "Memory manager" [_thread_blocked, id=17508, stack(0x0000000022900000,0x0000000022a00000)]
  0x000000001abb0000 JavaThread "Cache worker for execution history cache (C:\Users\caokeyu.IBOXPAY\software\gradle-4.9\caches\5.6.4\executionHistory)" [_thread_blocked, id=13664, stack(0x0000000022300000,0x0000000022400000)]
  0x000000001abb4800 JavaThread "Cache worker for journal cache (C:\Users\caokeyu.IBOXPAY\software\gradle-4.9\caches\journal-1)" [_thread_blocked, id=15484, stack(0x000000001c900000,0x000000001ca00000)]
  0x000000001abaf800 JavaThread "File lock request listener" [_thread_in_native, id=8512, stack(0x000000001c800000,0x000000001c900000)]
  0x000000001abb6000 JavaThread "Cache worker for file hash cache (C:\Users\caokeyu.IBOXPAY\software\gradle-4.9\caches\5.6.4\fileHashes)" [_thread_blocked, id=19508, stack(0x000000001c600000,0x000000001c700000)]
  0x000000001a768800 JavaThread "Daemon periodic checks" [_thread_blocked, id=18308, stack(0x000000001ba00000,0x000000001bb00000)]
  0x000000001a766000 JavaThread "Incoming local TCP Connector on port 55422" [_thread_in_native, id=18124, stack(0x000000001b850000,0x000000001b950000)]
  0x000000001a764800 JavaThread "Daemon health stats" [_thread_blocked, id=13016, stack(0x000000001b550000,0x000000001b650000)]
  0x0000000018304800 JavaThread "Service Thread" daemon [_thread_blocked, id=2752, stack(0x0000000018bb0000,0x0000000018cb0000)]
  0x0000000018301000 JavaThread "C1 CompilerThread2" daemon [_thread_blocked, id=8020, stack(0x0000000018ab0000,0x0000000018bb0000)]
  0x0000000018300000 JavaThread "C2 CompilerThread1" daemon [_thread_blocked, id=20200, stack(0x00000000189b0000,0x0000000018ab0000)]
=>0x00000000182fc800 JavaThread "C2 CompilerThread0" daemon [_thread_in_native, id=8116, stack(0x00000000188b0000,0x00000000189b0000)]
  0x0000000016951800 JavaThread "Attach Listener" daemon [_thread_blocked, id=9820, stack(0x00000000187b0000,0x00000000188b0000)]
  0x0000000016950800 JavaThread "Signal Dispatcher" daemon [_thread_blocked, id=20284, stack(0x00000000186b0000,0x00000000187b0000)]
  0x0000000002d88800 JavaThread "Finalizer" daemon [_thread_blocked, id=11252, stack(0x00000000181b0000,0x00000000182b0000)]
  0x0000000002d86000 JavaThread "Reference Handler" daemon [_thread_blocked, id=2896, stack(0x00000000180b0000,0x00000000181b0000)]
  0x0000000002c92800 JavaThread "main" [_thread_blocked, id=13756, stack(0x0000000002b90000,0x0000000002c90000)]

Other Threads:
  0x0000000016908000 VMThread [stack: 0x0000000017fb0000,0x00000000180b0000] [id=17604]
  0x00000000183ac000 WatcherThread [stack: 0x0000000018cb0000,0x0000000018db0000] [id=10920]

VM state:not at safepoint (normal execution)

VM Mutex/Monitor currently owned by a thread: None

heap address: 0x00000000a0000000, size: 1536 MB, Compressed Oops mode: 32-bit
Narrow klass base: 0x0000000000000000, Narrow klass shift: 3
Compressed class space size: 1073741824 Address: 0x0000000100000000

Heap:
 PSYoungGen      total 418304K, used 306671K [0x00000000e0000000, 0x00000000ffa00000, 0x0000000100000000)
  eden space 338944K, 68% used [0x00000000e0000000,0x00000000ee1e0ac8,0x00000000f4b00000)
  from space 79360K, 94% used [0x00000000fa400000,0x00000000fed9b1c8,0x00000000ff180000)
  to   space 89600K, 0% used [0x00000000f4b00000,0x00000000f4b00000,0x00000000fa280000)
 ParOldGen       total 250880K, used 175808K [0x00000000a0000000, 0x00000000af500000, 0x00000000e0000000)
  object space 250880K, 70% used [0x00000000a0000000,0x00000000aabb0188,0x00000000af500000)
 Metaspace       used 82227K, capacity 89312K, committed 89432K, reserved 1126400K
  class space    used 11068K, capacity 12559K, committed 12672K, reserved 1048576K

Card table byte_map: [0x0000000012150000,0x0000000012460000] byte_map_base: 0x0000000011c50000

Marking Bits: (ParMarkBitMap*) 0x0000000060daaf90
 Begin Bits: [0x0000000012c60000, 0x0000000014460000)
 End Bits:   [0x0000000014460000, 0x0000000015c60000)

Polling page: 0x0000000000a80000

CodeCache: size=245760Kb used=60320Kb max_used=60340Kb free=185439Kb
 bounds [0x0000000002d90000, 0x00000000068f0000, 0x0000000011d90000]
 total_blobs=17237 nmethods=16380 adapters=766
 compilation: enabled

Compilation events (10 events):
Event: 2576.696 Thread 0x0000000018300000 20955       4       org.objectweb.asm.ClassWriter::visitMethod (57 bytes)
Event: 2576.697 Thread 0x0000000018300000 nmethod 20955 0x00000000031e0590 code [0x00000000031e06e0, 0x00000000031e0888]
Event: 2576.697 Thread 0x0000000018300000 20957       4       org.objectweb.asm.MethodWriter::computeMethodInfoSize (571 bytes)
Event: 2576.703 Thread 0x0000000018300000 nmethod 20957 0x0000000005d75fd0 code [0x0000000005d761e0, 0x0000000005d76a20]
Event: 2576.710 Thread 0x0000000018301000 20958       3       java.lang.invoke.Invokers::checkCustomized (20 bytes)
Event: 2576.711 Thread 0x0000000018301000 nmethod 20958 0x000000000393e110 code [0x000000000393e280, 0x000000000393e528]
Event: 2576.711 Thread 0x0000000018301000 20959       3       org.gradle.internal.classloader.FilteringClassLoader::allowed (30 bytes)
Event: 2576.711 Thread 0x0000000018301000 nmethod 20959 0x0000000005d6dad0 code [0x0000000005d6dc60, 0x0000000005d6dfd8]
Event: 2576.712 Thread 0x0000000018301000 20960       1       java.util.zip.ZipEntry::getSize (5 bytes)
Event: 2576.712 Thread 0x0000000018301000 nmethod 20960 0x000000000393de50 code [0x000000000393dfa0, 0x000000000393e0b0]

GC Heap History (10 events):
Event: 602.020 GC heap before
{Heap before GC invocations=25 (full 3):
 PSYoungGen      total 456192K, used 456184K [0x00000000e0000000, 0x0000000100000000, 0x0000000100000000)
  eden space 402944K, 100% used [0x00000000e0000000,0x00000000f8980000,0x00000000f8980000)
  from space 53248K, 99% used [0x00000000f9800000,0x00000000fcbfe2b0,0x00000000fcc00000)
  to   space 53248K, 0% used [0x00000000fcc00000,0x00000000fcc00000,0x0000000100000000)
 ParOldGen       total 250880K, used 146517K [0x00000000a0000000, 0x00000000af500000, 0x00000000e0000000)
  object space 250880K, 58% used [0x00000000a0000000,0x00000000a8f15610,0x00000000af500000)
 Metaspace       used 78535K, capacity 84582K, committed 84696K, reserved 1122304K
  class space    used 10661K, capacity 11993K, committed 12032K, reserved 1048576K
Event: 602.052 GC heap after
Heap after GC invocations=25 (full 3):
 PSYoungGen      total 434176K, used 36785K [0x00000000e0000000, 0x00000000ff800000, 0x0000000100000000)
  eden space 389120K, 0% used [0x00000000e0000000,0x00000000e0000000,0x00000000f7c00000)
  from space 45056K, 81% used [0x00000000fcc00000,0x00000000fefec510,0x00000000ff800000)
  to   space 63488K, 0% used [0x00000000f7c00000,0x00000000f7c00000,0x00000000fba00000)
 ParOldGen       total 250880K, used 175776K [0x00000000a0000000, 0x00000000af500000, 0x00000000e0000000)
  object space 250880K, 70% used [0x00000000a0000000,0x00000000aaba8188,0x00000000af500000)
 Metaspace       used 78535K, capacity 84582K, committed 84696K, reserved 1122304K
  class space    used 10661K, capacity 11993K, committed 12032K, reserved 1048576K
}
Event: 742.781 GC heap before
{Heap before GC invocations=26 (full 3):
 PSYoungGen      total 434176K, used 425905K [0x00000000e0000000, 0x00000000ff800000, 0x0000000100000000)
  eden space 389120K, 100% used [0x00000000e0000000,0x00000000f7c00000,0x00000000f7c00000)
  from space 45056K, 81% used [0x00000000fcc00000,0x00000000fefec510,0x00000000ff800000)
  to   space 63488K, 0% used [0x00000000f7c00000,0x00000000f7c00000,0x00000000fba00000)
 ParOldGen       total 250880K, used 175776K [0x00000000a0000000, 0x00000000af500000, 0x00000000e0000000)
  object space 250880K, 70% used [0x00000000a0000000,0x00000000aaba8188,0x00000000af500000)
 Metaspace       used 78816K, capacity 84844K, committed 84952K, reserved 1122304K
  class space    used 10663K, capacity 11994K, committed 12032K, reserved 1048576K
Event: 742.805 GC heap after
Heap after GC invocations=26 (full 3):
 PSYoungGen      total 420352K, used 44371K [0x00000000e0000000, 0x00000000fef00000, 0x0000000100000000)
  eden space 375808K, 0% used [0x00000000e0000000,0x00000000e0000000,0x00000000f6f00000)
  from space 44544K, 99% used [0x00000000f7c00000,0x00000000fa754f80,0x00000000fa780000)
  to   space 65536K, 0% used [0x00000000faf00000,0x00000000faf00000,0x00000000fef00000)
 ParOldGen       total 250880K, used 175784K [0x00000000a0000000, 0x00000000af500000, 0x00000000e0000000)
  object space 250880K, 70% used [0x00000000a0000000,0x00000000aabaa188,0x00000000af500000)
 Metaspace       used 78816K, capacity 84844K, committed 84952K, reserved 1122304K
  class space    used 10663K, capacity 11994K, committed 12032K, reserved 1048576K
}
Event: 794.448 GC heap before
{Heap before GC invocations=27 (full 3):
 PSYoungGen      total 420352K, used 420179K [0x00000000e0000000, 0x00000000fef00000, 0x0000000100000000)
  eden space 375808K, 100% used [0x00000000e0000000,0x00000000f6f00000,0x00000000f6f00000)
  from space 44544K, 99% used [0x00000000f7c00000,0x00000000fa754f80,0x00000000fa780000)
  to   space 65536K, 0% used [0x00000000faf00000,0x00000000faf00000,0x00000000fef00000)
 ParOldGen       total 250880K, used 175784K [0x00000000a0000000, 0x00000000af500000, 0x00000000e0000000)
  object space 250880K, 70% used [0x00000000a0000000,0x00000000aabaa188,0x00000000af500000)
 Metaspace       used 78966K, capacity 84912K, committed 84952K, reserved 1122304K
  class space    used 10667K, capacity 11994K, committed 12032K, reserved 1048576K
Event: 794.469 GC heap after
Heap after GC invocations=27 (full 3):
 PSYoungGen      total 428544K, used 59054K [0x00000000e0000000, 0x00000000ff080000, 0x0000000100000000)
  eden space 363008K, 0% used [0x00000000e0000000,0x00000000e0000000,0x00000000f6280000)
  from space 65536K, 90% used [0x00000000faf00000,0x00000000fe8abad0,0x00000000fef00000)
  to   space 72704K, 0% used [0x00000000f6280000,0x00000000f6280000,0x00000000fa980000)
 ParOldGen       total 250880K, used 175792K [0x00000000a0000000, 0x00000000af500000, 0x00000000e0000000)
  object space 250880K, 70% used [0x00000000a0000000,0x00000000aabac188,0x00000000af500000)
 Metaspace       used 78966K, capacity 84912K, committed 84952K, reserved 1122304K
  class space    used 10667K, capacity 11994K, committed 12032K, reserved 1048576K
}
Event: 922.351 GC heap before
{Heap before GC invocations=28 (full 3):
 PSYoungGen      total 428544K, used 422062K [0x00000000e0000000, 0x00000000ff080000, 0x0000000100000000)
  eden space 363008K, 100% used [0x00000000e0000000,0x00000000f6280000,0x00000000f6280000)
  from space 65536K, 90% used [0x00000000faf00000,0x00000000fe8abad0,0x00000000fef00000)
  to   space 72704K, 0% used [0x00000000f6280000,0x00000000f6280000,0x00000000fa980000)
 ParOldGen       total 250880K, used 175792K [0x00000000a0000000, 0x00000000af500000, 0x00000000e0000000)
  object space 250880K, 70% used [0x00000000a0000000,0x00000000aabac188,0x00000000af500000)
 Metaspace       used 79124K, capacity 85104K, committed 85208K, reserved 1122304K
  class space    used 10667K, capacity 11994K, committed 12032K, reserved 1048576K
Event: 922.379 GC heap after
Heap after GC invocations=28 (full 3):
 PSYoungGen      total 414208K, used 63187K [0x00000000e0000000, 0x00000000ff180000, 0x0000000100000000)
  eden space 350720K, 0% used [0x00000000e0000000,0x00000000e0000000,0x00000000f5680000)
  from space 63488K, 99% used [0x00000000f6280000,0x00000000fa034c20,0x00000000fa080000)
  to   space 79360K, 0% used [0x00000000fa400000,0x00000000fa400000,0x00000000ff180000)
 ParOldGen       total 250880K, used 175800K [0x00000000a0000000, 0x00000000af500000, 0x00000000e0000000)
  object space 250880K, 70% used [0x00000000a0000000,0x00000000aabae188,0x00000000af500000)
 Metaspace       used 79124K, capacity 85104K, committed 85208K, reserved 1122304K
  class space    used 10667K, capacity 11994K, committed 12032K, reserved 1048576K
}
Event: 935.221 GC heap before
{Heap before GC invocations=29 (full 3):
 PSYoungGen      total 414208K, used 413907K [0x00000000e0000000, 0x00000000ff180000, 0x0000000100000000)
  eden space 350720K, 100% used [0x00000000e0000000,0x00000000f5680000,0x00000000f5680000)
  from space 63488K, 99% used [0x00000000f6280000,0x00000000fa034c20,0x00000000fa080000)
  to   space 79360K, 0% used [0x00000000fa400000,0x00000000fa400000,0x00000000ff180000)
 ParOldGen       total 250880K, used 175800K [0x00000000a0000000, 0x00000000af500000, 0x00000000e0000000)
  object space 250880K, 70% used [0x00000000a0000000,0x00000000aabae188,0x00000000af500000)
 Metaspace       used 79797K, capacity 86276K, committed 86360K, reserved 1124352K
  class space    used 10757K, capacity 12136K, committed 12160K, reserved 1048576K
Event: 935.254 GC heap after
Heap after GC invocations=29 (full 3):
 PSYoungGen      total 418304K, used 75372K [0x00000000e0000000, 0x00000000ffa00000, 0x0000000100000000)
  eden space 338944K, 0% used [0x00000000e0000000,0x00000000e0000000,0x00000000f4b00000)
  from space 79360K, 94% used [0x00000000fa400000,0x00000000fed9b1c8,0x00000000ff180000)
  to   space 89600K, 0% used [0x00000000f4b00000,0x00000000f4b00000,0x00000000fa280000)
 ParOldGen       total 250880K, used 175808K [0x00000000a0000000, 0x00000000af500000, 0x00000000e0000000)
  object space 250880K, 70% used [0x00000000a0000000,0x00000000aabb0188,0x00000000af500000)
 Metaspace       used 79797K, capacity 86276K, committed 86360K, reserved 1124352K
  class space    used 10757K, capacity 12136K, committed 12160K, reserved 1048576K
}

Deoptimization events (10 events):
Event: 2575.863 Thread 0x000000001abb7800 Uncommon trap: reason=unstable_if action=reinterpret pc=0x00000000048743a0 method=org.gradle.api.internal.artifacts.ivyservice.resolveengine.graph.builder.EdgeState.<init>(Lorg/gradle/api/internal/artifacts/ivyservice/resolveengine/graph/builder/NodeState
Event: 2575.882 Thread 0x000000001abb7800 Uncommon trap: reason=unstable_if action=reinterpret pc=0x000000000592d620 method=org.gradle.api.internal.artifacts.ivyservice.resolveengine.graph.builder.EdgeState.<init>(Lorg/gradle/api/internal/artifacts/ivyservice/resolveengine/graph/builder/NodeState
Event: 2575.975 Thread 0x000000001abb7800 Uncommon trap: reason=bimorphic action=maybe_recompile pc=0x0000000004c1db80 method=org.gradle.api.internal.artifacts.configurations.ResolveConfigurationResolutionBuildOperationDetails$RepositoryImpl$1.transform(Lorg/gradle/api/internal/artifacts/reposito
Event: 2575.979 Thread 0x000000001abb7800 Uncommon trap: reason=bimorphic action=maybe_recompile pc=0x0000000004c1db80 method=org.gradle.api.internal.artifacts.configurations.ResolveConfigurationResolutionBuildOperationDetails$RepositoryImpl$1.transform(Lorg/gradle/api/internal/artifacts/reposito
Event: 2576.121 Thread 0x000000001abb7800 Uncommon trap: reason=unstable_if action=reinterpret pc=0x000000000455f6a4 method=sun.nio.fs.WindowsPath.getPathForWin32Calls()Ljava/lang/String; @ 17
Event: 2576.133 Thread 0x000000001abb7800 Uncommon trap: reason=array_check action=maybe_recompile pc=0x0000000005318490 method=java.util.TimSort.binarySort([Ljava/lang/Object;IIILjava/util/Comparator;)V @ 193
Event: 2576.171 Thread 0x000000001abb7800 Uncommon trap: reason=array_check action=maybe_recompile pc=0x0000000005318490 method=java.util.TimSort.binarySort([Ljava/lang/Object;IIILjava/util/Comparator;)V @ 193
Event: 2576.220 Thread 0x000000001abb7800 Uncommon trap: reason=array_check action=maybe_recompile pc=0x0000000005318490 method=java.util.TimSort.binarySort([Ljava/lang/Object;IIILjava/util/Comparator;)V @ 193
Event: 2576.485 Thread 0x000000001abb7800 Uncommon trap: reason=array_check action=maybe_recompile pc=0x0000000005318490 method=java.util.TimSort.binarySort([Ljava/lang/Object;IIILjava/util/Comparator;)V @ 193
Event: 2576.623 Thread 0x000000001abb7800 Uncommon trap: reason=unstable_if action=reinterpret pc=0x0000000004b52be8 method=org.codehaus.groovy.runtime.typehandling.DefaultTypeTransformation.castToType(Ljava/lang/Object;Ljava/lang/Class;)Ljava/lang/Object; @ 128

Classes redefined (0 events):
No events

Internal exceptions (10 events):
Event: 2576.652 Thread 0x000000001abb7800 Exception <a 'java/lang/ClassNotFoundException': org/asciidoctor/gradle/jvm/OutputOptionsBeanInfo> (0x00000000edb07198) thrown at [C:\jenkins\workspace\8-2-build-windows-amd64-cygwin\jdk8u251\737\hotspot\src\share\vm\classfile\systemDictionary.cpp, line 2
Event: 2576.652 Thread 0x000000001abb7800 Exception <a 'java/lang/ClassNotFoundException': org/asciidoctor/gradle/jvm/OutputOptionsCustomizer> (0x00000000edb1fd40) thrown at [C:\jenkins\workspace\8-2-build-windows-amd64-cygwin\jdk8u251\737\hotspot\src\share\vm\classfile\systemDictionary.cpp, line
Event: 2576.654 Thread 0x000000001abb7800 Exception <a 'java/lang/ClassNotFoundException': org/ysb33r/grolifant/api/JavaForkOptionsBeanInfo> (0x00000000edb6b278) thrown at [C:\jenkins\workspace\8-2-build-windows-amd64-cygwin\jdk8u251\737\hotspot\src\share\vm\classfile\systemDictionary.cpp, line 2
Event: 2576.654 Thread 0x000000001abb7800 Exception <a 'java/lang/ClassNotFoundException': org/ysb33r/grolifant/api/JavaForkOptionsCustomizer> (0x00000000edb83e20) thrown at [C:\jenkins\workspace\8-2-build-windows-amd64-cygwin\jdk8u251\737\hotspot\src\share\vm\classfile\systemDictionary.cpp, line
Event: 2576.657 Thread 0x000000001abb7800 Exception <a 'java/lang/ClassNotFoundException': org/asciidoctor/gradle/jvm/AsciidoctorTask_DecoratedBeanInfo> (0x00000000edc5caa8) thrown at [C:\jenkins\workspace\8-2-build-windows-amd64-cygwin\jdk8u251\737\hotspot\src\share\vm\classfile\systemDictionary
Event: 2576.657 Thread 0x000000001abb7800 Exception <a 'java/lang/ClassNotFoundException': org/asciidoctor/gradle/jvm/AsciidoctorTaskBeanInfo> (0x00000000edc756c8) thrown at [C:\jenkins\workspace\8-2-build-windows-amd64-cygwin\jdk8u251\737\hotspot\src\share\vm\classfile\systemDictionary.cpp, line
Event: 2576.657 Thread 0x000000001abb7800 Exception <a 'java/lang/ClassNotFoundException': org/asciidoctor/gradle/jvm/AbstractAsciidoctorTaskBeanInfo> (0x00000000edc90288) thrown at [C:\jenkins\workspace\8-2-build-windows-amd64-cygwin\jdk8u251\737\hotspot\src\share\vm\classfile\systemDictionary.c
Event: 2576.658 Thread 0x000000001abb7800 Exception <a 'java/lang/ClassNotFoundException': org/asciidoctor/gradle/jvm/AbstractAsciidoctorTaskCustomizer> (0x00000000edcabd10) thrown at [C:\jenkins\workspace\8-2-build-windows-amd64-cygwin\jdk8u251\737\hotspot\src\share\vm\classfile\systemDictionary
Event: 2576.664 Thread 0x000000001abb7800 Exception <a 'java/lang/ClassNotFoundException': org/asciidoctor/gradle/jvm/AsciidoctorTaskCustomizer> (0x00000000edd19a98) thrown at [C:\jenkins\workspace\8-2-build-windows-amd64-cygwin\jdk8u251\737\hotspot\src\share\vm\classfile\systemDictionary.cpp, li
Event: 2576.665 Thread 0x000000001abb7800 Exception <a 'java/lang/ClassNotFoundException': org/asciidoctor/gradle/jvm/AsciidoctorTask_DecoratedCustomizer> (0x00000000edd4ce68) thrown at [C:\jenkins\workspace\8-2-build-windows-amd64-cygwin\jdk8u251\737\hotspot\src\share\vm\classfile\systemDictiona

Events (10 events):
Event: 2576.714 loading class com/gradle/scan/plugin/internal/b/n/a$c
Event: 2576.715 loading class com/gradle/scan/plugin/internal/b/n/a$c done
Event: 2576.715 loading class com/gradle/scan/plugin/internal/b/n/a$e
Event: 2576.715 loading class com/gradle/scan/plugin/internal/b/n/a$e done
Event: 2576.715 loading class com/gradle/scan/plugin/internal/b/n/a$d
Event: 2576.715 loading class com/gradle/scan/plugin/internal/b/n/a$d done
Event: 2576.715 loading class com/gradle/scan/plugin/internal/b/n/a$b
Event: 2576.715 loading class com/gradle/scan/plugin/internal/b/n/a$b done
Event: 2576.715 loading class com/gradle/scan/plugin/internal/b/n/a$a
Event: 2576.715 loading class com/gradle/scan/plugin/internal/b/n/a$a done


Dynamic libraries:
0x00007ff6c8a30000 - 0x00007ff6c8a67000 	C:\Users\caokeyu.IBOXPAY\software\jdk\bin\java.exe
0x00007ffe21fa0000 - 0x00007ffe2218d000 	C:\windows\SYSTEM32\ntdll.dll
0x00007ffe20c10000 - 0x00007ffe20cc3000 	C:\windows\System32\KERNEL32.DLL
0x00007ffe1ea90000 - 0x00007ffe1ed25000 	C:\windows\System32\KERNELBASE.dll
0x00007ffe21760000 - 0x00007ffe21803000 	C:\windows\System32\ADVAPI32.dll
0x00007ffe20cd0000 - 0x00007ffe20d6e000 	C:\windows\System32\msvcrt.dll
0x00007ffe216c0000 - 0x00007ffe2175e000 	C:\windows\System32\sechost.dll
0x00007ffe1f240000 - 0x00007ffe1f362000 	C:\windows\System32\RPCRT4.dll
0x00007ffe210a0000 - 0x00007ffe21237000 	C:\windows\System32\USER32.dll
0x00007ffe1e0a0000 - 0x00007ffe1e0c0000 	C:\windows\System32\win32u.dll
0x00007ffe1f370000 - 0x00007ffe1f399000 	C:\windows\System32\GDI32.dll
0x00007ffe1e8f0000 - 0x00007ffe1ea8c000 	C:\windows\System32\gdi32full.dll
0x00007ffe1ef10000 - 0x00007ffe1efb0000 	C:\windows\System32\msvcp_win.dll
0x00007ffe1efe0000 - 0x00007ffe1f0da000 	C:\windows\System32\ucrtbase.dll
0x00007ffe025b0000 - 0x00007ffe02829000 	C:\windows\WinSxS\amd64_microsoft.windows.common-controls_6595b64144ccf1df_6.0.17763.1577_none_de7444545348a3d0\COMCTL32.dll
0x00007ffe208b0000 - 0x00007ffe20bdd000 	C:\windows\System32\combase.dll
0x00007ffe1f140000 - 0x00007ffe1f1be000 	C:\windows\System32\bcryptPrimitives.dll
0x00007ffe20be0000 - 0x00007ffe20c0e000 	C:\windows\System32\IMM32.DLL
0x0000000060e30000 - 0x0000000060f02000 	C:\Users\caokeyu.IBOXPAY\software\jdk\jre\bin\msvcr100.dll
0x0000000060580000 - 0x0000000060e2b000 	C:\Users\caokeyu.IBOXPAY\software\jdk\jre\bin\server\jvm.dll
0x00007ffe1f1c0000 - 0x00007ffe1f1c8000 	C:\windows\System32\PSAPI.DLL
0x00007ffe13b20000 - 0x00007ffe13b29000 	C:\windows\SYSTEM32\WSOCK32.dll
0x00007ffe1c180000 - 0x00007ffe1c1a4000 	C:\windows\SYSTEM32\WINMM.dll
0x00007ffe21810000 - 0x00007ffe2187d000 	C:\windows\System32\WS2_32.dll
0x00007ffe1c150000 - 0x00007ffe1c17d000 	C:\windows\SYSTEM32\WINMMBASE.dll
0x00007ffe14db0000 - 0x00007ffe14dba000 	C:\windows\SYSTEM32\VERSION.dll
0x00007ffe1e050000 - 0x00007ffe1e09a000 	C:\windows\System32\cfgmgr32.dll
0x00007ffe14100000 - 0x00007ffe1410f000 	C:\Users\caokeyu.IBOXPAY\software\jdk\jre\bin\verify.dll
0x00007ffe13e30000 - 0x00007ffe13e59000 	C:\Users\caokeyu.IBOXPAY\software\jdk\jre\bin\java.dll
0x00007ffe140e0000 - 0x00007ffe140f6000 	C:\Users\caokeyu.IBOXPAY\software\jdk\jre\bin\zip.dll
0x00007ffe1f3b0000 - 0x00007ffe208a9000 	C:\windows\System32\SHELL32.dll
0x00007ffe21880000 - 0x00007ffe21928000 	C:\windows\System32\shcore.dll
0x00007ffe1e0c0000 - 0x00007ffe1e813000 	C:\windows\System32\windows.storage.dll
0x00007ffe1dfa0000 - 0x00007ffe1dfc4000 	C:\windows\System32\profapi.dll
0x00007ffe1dff0000 - 0x00007ffe1e04d000 	C:\windows\System32\powrprof.dll
0x00007ffe21b70000 - 0x00007ffe21bc2000 	C:\windows\System32\shlwapi.dll
0x00007ffe1df80000 - 0x00007ffe1df91000 	C:\windows\System32\kernel.appcore.dll
0x00007ffe1e8d0000 - 0x00007ffe1e8e7000 	C:\windows\System32\cryptsp.dll
0x00007ffe13e10000 - 0x00007ffe13e2a000 	C:\Users\caokeyu.IBOXPAY\software\jdk\jre\bin\net.dll
0x00007ffe1d7f0000 - 0x00007ffe1d857000 	C:\windows\system32\mswsock.dll
0x00007ffe13df0000 - 0x00007ffe13e02000 	C:\Users\caokeyu.IBOXPAY\software\jdk\jre\bin\nio.dll
0x00007ffe13d80000 - 0x00007ffe13da6000 	C:\Users\caokeyu.IBOXPAY\software\gradle-4.9\native\30\windows-amd64\native-platform.dll
0x00007ffe13d70000 - 0x00007ffe13d7d000 	C:\Users\caokeyu.IBOXPAY\software\jdk\jre\bin\management.dll
0x00007ffe1d370000 - 0x00007ffe1d3a3000 	C:\windows\system32\rsaenh.dll
0x00007ffe1efb0000 - 0x00007ffe1efd6000 	C:\windows\System32\bcrypt.dll
0x00007ffe1de80000 - 0x00007ffe1dea9000 	C:\windows\SYSTEM32\USERENV.dll
0x00007ffe1d9c0000 - 0x00007ffe1d9cc000 	C:\windows\SYSTEM32\CRYPTBASE.dll
0x00007ffe1d510000 - 0x00007ffe1d54d000 	C:\windows\SYSTEM32\IPHLPAPI.DLL
0x00007ffe1f230000 - 0x00007ffe1f238000 	C:\windows\System32\NSI.dll
0x00007ffe19780000 - 0x00007ffe19796000 	C:\windows\SYSTEM32\dhcpcsvc6.DLL
0x00007ffe19760000 - 0x00007ffe1977c000 	C:\windows\SYSTEM32\dhcpcsvc.DLL
0x00007ffe1d550000 - 0x00007ffe1d616000 	C:\windows\SYSTEM32\DNSAPI.dll
0x00007ffe12210000 - 0x00007ffe12226000 	C:\windows\system32\napinsp.dll
0x00007ffe11eb0000 - 0x00007ffe11eca000 	C:\windows\system32\pnrpnsp.dll
0x00007ffe12230000 - 0x00007ffe1223e000 	C:\windows\System32\winrnr.dll
0x00007ffe1aa00000 - 0x00007ffe1aa1b000 	C:\windows\system32\NLAapi.dll
0x00007ffe12940000 - 0x00007ffe12955000 	C:\windows\system32\wshbth.dll
0x00007ffe14ee0000 - 0x00007ffe14eea000 	C:\Windows\System32\rasadhlp.dll
0x00007ffe198a0000 - 0x00007ffe19919000 	C:\windows\System32\fwpuclnt.dll
0x00007ffe13d40000 - 0x00007ffe13d64000 	C:\Users\caokeyu.IBOXPAY\software\jdk\jre\bin\sunec.dll
0x00007ffe13d30000 - 0x00007ffe13d3c000 	C:\Users\caokeyu.IBOXPAY\software\jdk\jre\bin\sunmscapi.dll
0x00007ffe1ed30000 - 0x00007ffe1ef0c000 	C:\windows\System32\CRYPT32.dll
0x00007ffe1dfd0000 - 0x00007ffe1dfe2000 	C:\windows\System32\MSASN1.dll
0x00007ffe1dac0000 - 0x00007ffe1dae6000 	C:\windows\SYSTEM32\ncrypt.dll
0x00007ffe1da80000 - 0x00007ffe1dabc000 	C:\windows\SYSTEM32\NTASN1.dll

VM Arguments:
jvm_args: -Xmx1536M -Dfile.encoding=GBK -Duser.country=CN -Duser.language=zh -Duser.variant 
java_command: org.gradle.launcher.daemon.bootstrap.GradleDaemon 5.6.4
java_class_path (initial): C:\Users\caokeyu.IBOXPAY\software\gradle-4.9\wrapper\dists\gradle-5.6.4-bin\bxirm19lnfz6nurbatndyydux\gradle-5.6.4\lib\gradle-launcher-5.6.4.jar
Launcher Type: SUN_STANDARD

Environment Variables:
JAVA_HOME=C:\Users\caokeyu.IBOXPAY\software\jdk
PATH=C:\Program Files (x86)\Common Files\Oracle\Java\javapath;C:\windows\system32;C:\windows;C:\windows\System32\Wbem;C:\windows\System32\WindowsPowerShell\v1.0\;C:\windows\System32\OpenSSH\;%JAVA_HOME%\bin;%JAVA_HOME%\jre\bin;%CATALINA_HOME%\bin;C:\Users\caokeyu.IBOXPAY\software\Git\cmd;%MAVEN_HOME%\bin;%GRADLE_HOME%\bin;%ORACLE_HOME%;C:\Users\caokeyu.IBOXPAY\software\python\Scripts\;C:\Users\caokeyu.IBOXPAY\software\python\;C:\Users\caokeyu.IBOXPAY\AppData\Local\Programs\Python\Python39\Scripts\;C:\Users\caokeyu.IBOXPAY\AppData\Local\Programs\Python\Python39\;C:\Users\caokeyu.IBOXPAY\AppData\Local\Programs\Python\Launcher\;C:\Users\caokeyu.IBOXPAY\AppData\Local\Microsoft\WindowsApps;;C:\Program Files (x86)\MyDrivers\DriverGenius;C:\Program Files (x86)\MyDrivers\DriverGenius\ksoft
USERNAME=caokeyu
OS=Windows_NT
PROCESSOR_IDENTIFIER=Intel64 Family 6 Model 158 Stepping 10, GenuineIntel



---------------  S Y S T E M  ---------------

OS: Windows 10.0 , 64 bit Build 17763 (10.0.17763.475)

CPU:total 6 (initial active 6) (6 cores per cpu, 1 threads per core) family 6 model 158 stepping 10, cmov, cx8, fxsr, mmx, sse, sse2, sse3, ssse3, sse4.1, sse4.2, popcnt, avx, avx2, aes, clmul, erms, 3dnowpref, lzcnt, tsc, tscinvbit, bmi1, bmi2, adx

Memory: 4k page, physical 16607632k(4786856k free), swap 48092428k(3184k free)

vm_info: Java HotSpot(TM) 64-Bit Server VM (25.251-b08) for windows-amd64 JRE (1.8.0_251-b08), built on Mar 12 2020 06:31:49 by "" with MS VC++ 10.0 (VS2010)

time: Tue Feb 02 17:40:17 2021
timezone: 中国标准时间
elapsed time: 2576 seconds (0d 0h 42m 56s)

